# Time-averaged data for fix dave
# TimeStep v_rho
251000 0.0775864
252000 0.0822483
253000 0.0926238
254000 0.109749
255000 0.137862
256000 0.185661
257000 0.23868
258000 0.281869
259000 0.320921
260000 0.354752
261000 0.384788
262000 0.411277
263000 0.435894
264000 0.456646
265000 0.476879
266000 0.496056
267000 0.513254
268000 0.528422
269000 0.542734
270000 0.554797
271000 0.565387
272000 0.575084
273000 0.58392
274000 0.593178
275000 0.60127
276000 0.608829
277000 0.61621
278000 0.622973
279000 0.628937
280000 0.634042
281000 0.638758
282000 0.643717
283000 0.648913
284000 0.653342
285000 0.65715
286000 0.660883
287000 0.664458
288000 0.667724
289000 0.671111
290000 0.674008
291000 0.677349
292000 0.6804
293000 0.683077
294000 0.685883
295000 0.688492
296000 0.691284
297000 0.693976
298000 0.696482
299000 0.698914
300000 0.701259
301000 0.703591
302000 0.705904
303000 0.708241
304000 0.71024
305000 0.712
306000 0.713648
307000 0.714917
308000 0.716396
309000 0.717926
310000 0.719315
311000 0.720648
312000 0.72218
313000 0.723518
314000 0.724886
315000 0.72614
316000 0.727388
317000 0.728686
318000 0.729997
319000 0.731131
320000 0.732286
321000 0.733544
322000 0.734817
323000 0.735901
324000 0.736891
325000 0.737702
326000 0.738583
327000 0.739396
328000 0.740286
329000 0.741168
330000 0.742086
331000 0.742881
332000 0.74366
333000 0.744431
334000 0.745231
335000 0.74606
336000 0.74682
337000 0.747488
338000 0.748207
339000 0.748999
340000 0.749872
341000 0.750688
342000 0.751471
343000 0.752189
344000 0.752915
345000 0.753771
346000 0.754536
347000 0.755188
348000 0.755895
349000 0.756573
350000 0.757185
351000 0.757754
352000 0.758267
353000 0.758748
354000 0.759135
355000 0.759523
356000 0.759874
357000 0.760176
358000 0.760456
359000 0.760645
360000 0.760936
361000 0.761232
362000 0.761665
363000 0.76212
364000 0.762493
365000 0.762836
366000 0.763252
367000 0.763765
368000 0.764195
369000 0.764578
370000 0.765125
371000 0.765671
372000 0.766093
373000 0.766499
374000 0.766914
375000 0.767354
376000 0.767752
377000 0.768183
378000 0.768653
379000 0.76907
380000 0.769417
381000 0.769711
382000 0.76997
383000 0.770308
384000 0.770621
385000 0.770941
386000 0.771229
387000 0.771635
388000 0.772043
389000 0.772517
390000 0.772926
391000 0.773246
392000 0.773431
393000 0.773648
394000 0.773966
395000 0.774284
396000 0.774655
397000 0.774979
398000 0.775324
399000 0.775625
400000 0.775955
401000 0.776217
402000 0.776582
403000 0.776806
404000 0.777119
405000 0.777389
406000 0.777715
407000 0.777931
408000 0.778211
409000 0.778574
410000 0.778897
411000 0.779187
412000 0.779491
413000 0.779796
414000 0.780135
415000 0.780457
416000 0.780752
417000 0.780984
418000 0.781177
419000 0.781404
420000 0.781551
421000 0.781707
422000 0.781879
423000 0.782047
424000 0.78217
425000 0.782349
426000 0.782495
427000 0.78268
428000 0.782855
429000 0.783006
430000 0.783182
431000 0.783342
432000 0.783509
433000 0.783636
434000 0.783693
435000 0.783777
436000 0.783862
437000 0.783955
438000 0.784082
439000 0.784214
440000 0.7844
441000 0.784574
442000 0.784727
443000 0.784918
444000 0.785092
445000 0.785191
446000 0.785333
447000 0.785505
448000 0.785702
449000 0.785886
450000 0.786036
451000 0.786168
452000 0.786285
453000 0.786406
454000 0.786561
455000 0.786664
456000 0.786788
457000 0.786954
458000 0.787132
459000 0.787218
460000 0.787295
461000 0.787362
462000 0.787504
463000 0.78763
464000 0.787726
465000 0.787849
466000 0.787939
467000 0.788017
468000 0.788139
469000 0.788278
470000 0.78837
471000 0.788452
472000 0.788522
473000 0.788595
474000 0.788693
475000 0.788826
476000 0.788918
477000 0.789023
478000 0.789091
479000 0.789202
480000 0.789357
481000 0.789497
482000 0.789606
483000 0.789739
484000 0.789851
485000 0.789981
486000 0.790082
487000 0.790177
488000 0.790261
489000 0.790387
490000 0.790465
491000 0.79056
492000 0.790669
493000 0.790789
494000 0.790932
495000 0.791059
496000 0.791173
497000 0.791296
498000 0.791419
499000 0.791541
500000 0.791652
501000 0.79175
502000 0.791869
503000 0.791992
504000 0.792114
505000 0.792243
506000 0.792316
507000 0.792393
508000 0.792476
509000 0.792575
510000 0.792713
511000 0.792828
512000 0.792993
513000 0.793126
514000 0.793268
515000 0.793433
516000 0.793565
517000 0.793657
518000 0.793714
519000 0.793781
520000 0.793878
521000 0.793959
522000 0.794048
523000 0.79416
524000 0.794269
525000 0.79437
526000 0.794443
527000 0.794542
528000 0.794627
529000 0.794712
530000 0.794819
531000 0.794944
532000 0.795073
533000 0.7952
534000 0.795328
535000 0.795469
536000 0.795614
537000 0.795735
538000 0.795863
539000 0.795966
540000 0.796053
541000 0.796137
542000 0.796219
543000 0.796287
544000 0.796415
545000 0.796553
546000 0.796683
547000 0.796802
548000 0.796908
549000 0.797004
550000 0.79709
551000 0.79717
552000 0.797251
553000 0.797349
554000 0.797402
555000 0.797477
556000 0.797535
557000 0.797578
558000 0.797615
559000 0.797646
560000 0.797663
561000 0.797702
562000 0.797735
563000 0.797769
564000 0.797789
565000 0.797822
566000 0.797823
567000 0.797828
568000 0.797824
569000 0.797845
570000 0.79786
571000 0.797852
572000 0.797848
573000 0.797834
574000 0.797818
575000 0.79781
576000 0.79782
577000 0.797812
578000 0.797797
579000 0.797809
580000 0.797843
581000 0.797843
582000 0.797822
583000 0.797791
584000 0.79777
585000 0.797793
586000 0.797828
587000 0.797857
588000 0.797874
589000 0.797854
590000 0.797807
591000 0.797793
592000 0.797806
593000 0.797828
594000 0.797851
595000 0.797865
596000 0.797868
597000 0.797869
598000 0.79786
599000 0.797875
600000 0.797925
601000 0.797965
602000 0.798006
603000 0.79803
604000 0.798051
605000 0.798036
606000 0.798044
607000 0.798031
608000 0.797998
609000 0.797985
610000 0.79797
611000 0.797929
612000 0.797907
613000 0.797881
614000 0.797854
615000 0.797828
616000 0.797745
617000 0.797651
618000 0.797598
619000 0.79759
620000 0.797543
621000 0.797483
622000 0.797446
623000 0.797426
624000 0.797409
625000 0.797397
626000 0.79744
627000 0.797482
628000 0.797508
629000 0.797553
630000 0.797562
631000 0.797572
632000 0.797588
633000 0.797568
634000 0.797555
635000 0.797594
636000 0.797628
637000 0.797602
638000 0.797606
639000 0.797642
640000 0.79769
641000 0.797717
642000 0.797735
643000 0.79776
644000 0.797785
645000 0.7978
646000 0.79784
647000 0.79789
648000 0.797918
649000 0.797967
650000 0.797959
651000 0.797957
652000 0.797968
653000 0.797981
654000 0.797998
655000 0.798007
656000 0.798034
657000 0.798046
658000 0.79802
659000 0.798024
660000 0.798008
661000 0.798023
662000 0.798021
663000 0.798006
664000 0.798006
665000 0.798041
666000 0.798077
667000 0.798124
668000 0.798154
669000 0.798184
670000 0.798209
671000 0.798228
672000 0.798248
673000 0.798288
674000 0.798336
675000 0.798417
676000 0.798516
677000 0.798604
678000 0.798692
679000 0.79879
680000 0.798891
681000 0.798972
682000 0.799029
683000 0.799067
684000 0.799114
685000 0.799193
686000 0.799247
687000 0.799307
688000 0.7994
689000 0.799466
690000 0.799528
691000 0.799567
692000 0.799589
693000 0.799589
694000 0.799612
695000 0.799629
696000 0.799668
697000 0.799716
698000 0.799747
699000 0.799792
700000 0.799813
701000 0.799855
702000 0.799907
703000 0.799953
704000 0.800008
705000 0.800073
706000 0.80013
707000 0.800158
708000 0.800171
709000 0.800144
710000 0.800115
711000 0.800087
712000 0.800101
713000 0.800084
714000 0.80005
715000 0.800045
716000 0.800041
717000 0.800026
718000 0.8
719000 0.799986
720000 0.799992
721000 0.799996
722000 0.799994
723000 0.800006
724000 0.800003
725000 0.799977
726000 0.79996
727000 0.799958
728000 0.799955
729000 0.799961
730000 0.799981
731000 0.800004
732000 0.800013
733000 0.800027
734000 0.800022
735000 0.800038
736000 0.800063
737000 0.800095
738000 0.800104
739000 0.800121
740000 0.800149
741000 0.80018
742000 0.800202
743000 0.800233
744000 0.800239
745000 0.800271
746000 0.800295
747000 0.800296
748000 0.800321
749000 0.800348
750000 0.800382
751000 0.800413
752000 0.80046
753000 0.800512
754000 0.800548
755000 0.800611
756000 0.800665
757000 0.800715
758000 0.800772
759000 0.800809
760000 0.800828
761000 0.800847
762000 0.800871
763000 0.800895
764000 0.800929
765000 0.800943
766000 0.800954
767000 0.800973
768000 0.80099
769000 0.800981
770000 0.800979
771000 0.801003
772000 0.801009
773000 0.801052
774000 0.801087
775000 0.80111
776000 0.801133
777000 0.801136
778000 0.801146
779000 0.801159
780000 0.801174
781000 0.801186
782000 0.801187
783000 0.801205
784000 0.801218
785000 0.801205
786000 0.801198
787000 0.801191
788000 0.801202
789000 0.801215
790000 0.801235
791000 0.801259
792000 0.801279
793000 0.801298
794000 0.80132
795000 0.801366
796000 0.801394
797000 0.801417
798000 0.801404
799000 0.801393
800000 0.801398
801000 0.801399
802000 0.801377
803000 0.801368
804000 0.801371
805000 0.801388
806000 0.801405
807000 0.801424
808000 0.80144
809000 0.801437
810000 0.801454
811000 0.801463
812000 0.801474
813000 0.801489
814000 0.801491
815000 0.801498
816000 0.801502
817000 0.801533
818000 0.80155
819000 0.801557
820000 0.801561
821000 0.801557
822000 0.801582
823000 0.801594
824000 0.801587
825000 0.801586
826000 0.801586
827000 0.801565
828000 0.801564
829000 0.801554
830000 0.801538
831000 0.801535
832000 0.801553
833000 0.801575
834000 0.801608
835000 0.801623
836000 0.80163
837000 0.801634
838000 0.801633
839000 0.801639
840000 0.801664
841000 0.801676
842000 0.801681
843000 0.80168
844000 0.80168
845000 0.801688
846000 0.80168
847000 0.801668
848000 0.801665
849000 0.801676
850000 0.801694
851000 0.801706
852000 0.801723
853000 0.801742
854000 0.801752
855000 0.801744
856000 0.801719
857000 0.801694
858000 0.801681
859000 0.801682
860000 0.80169
861000 0.801691
862000 0.801684
863000 0.801683
864000 0.801683
865000 0.80168
866000 0.801681
867000 0.8017
868000 0.801718
869000 0.801727
870000 0.801755
871000 0.801767
872000 0.801789
873000 0.801819
874000 0.801835
875000 0.801864
876000 0.801891
877000 0.801928
878000 0.801981
879000 0.80201
880000 0.802046
881000 0.802075
882000 0.802124
883000 0.802167
884000 0.802212
885000 0.802233
886000 0.802271
887000 0.8023
888000 0.802318
889000 0.802335
890000 0.802376
891000 0.8024
892000 0.802413
893000 0.802415
894000 0.802404
895000 0.802397
896000 0.802385
897000 0.802368
898000 0.802351
899000 0.802347
900000 0.802354
901000 0.80235
902000 0.802327
903000 0.802321
904000 0.802319
905000 0.80233
906000 0.802322
907000 0.802309
908000 0.802298
909000 0.802294
910000 0.802296
911000 0.802307
912000 0.802323
913000 0.802348
914000 0.802356
915000 0.802346
916000 0.802339
917000 0.802349
918000 0.802356
919000 0.802354
920000 0.802348
921000 0.802334
922000 0.802324
923000 0.802318
924000 0.802329
925000 0.802342
926000 0.802365
927000 0.802377
928000 0.802383
929000 0.8024
930000 0.802423
931000 0.802439
932000 0.802449
933000 0.802453
934000 0.802462
935000 0.802477
936000 0.802489
937000 0.802496
938000 0.802499
939000 0.802513
940000 0.802522
941000 0.802525
942000 0.802517
943000 0.802516
944000 0.802518
945000 0.802529
946000 0.802546
947000 0.802564
948000 0.802597
949000 0.802619
950000 0.802649
951000 0.802663
952000 0.802687
953000 0.802706
954000 0.802723
955000 0.802742
956000 0.802774
957000 0.802791
958000 0.802806
959000 0.802826
960000 0.802849
961000 0.802869
962000 0.802873
963000 0.80289
964000 0.802914
965000 0.802922
966000 0.802922
967000 0.802919
968000 0.802921
969000 0.802932
970000 0.802959
971000 0.802981
972000 0.802985
973000 0.802986
974000 0.80299
975000 0.802997
976000 0.803012
977000 0.803029
978000 0.803049
979000 0.803061
980000 0.803071
981000 0.803062
982000 0.803056
983000 0.803055
984000 0.803065
985000 0.803064
986000 0.803073
987000 0.803084
988000 0.803101
989000 0.803126
990000 0.803131
991000 0.803141
992000 0.803144
993000 0.803139
994000 0.803138
995000 0.803154
996000 0.803158
997000 0.803167
998000 0.803185
999000 0.803213
1000000 0.803225
1001000 0.803237
1002000 0.803274
1003000 0.8033
1004000 0.80331
1005000 0.80331
1006000 0.803327
1007000 0.803337
1008000 0.803359
1009000 0.803383
1010000 0.803412
1011000 0.803428
1012000 0.803439
1013000 0.803457
1014000 0.803466
1015000 0.803459
1016000 0.80346
1017000 0.803461
1018000 0.803459
1019000 0.803455
1020000 0.803449
1021000 0.803452
1022000 0.803444
1023000 0.803431
1024000 0.803433
1025000 0.803429
1026000 0.803418
1027000 0.803416
1028000 0.80342
1029000 0.803437
1030000 0.803445
1031000 0.803451
1032000 0.803456
1033000 0.803477
1034000 0.803489
1035000 0.803492
1036000 0.803498
1037000 0.803507
1038000 0.803502
1039000 0.803489
1040000 0.803472
1041000 0.803461
1042000 0.803454
1043000 0.803457
1044000 0.803462
1045000 0.80346
1046000 0.803459
1047000 0.803455
1048000 0.803464
1049000 0.803474
1050000 0.803467
1051000 0.80346
1052000 0.803451
1053000 0.803442
1054000 0.803434
1055000 0.803427
1056000 0.803431
1057000 0.803429
1058000 0.803416
1059000 0.803395
1060000 0.803385
1061000 0.803364
1062000 0.803343
1063000 0.803321
1064000 0.803303
1065000 0.803281
1066000 0.803264
1067000 0.803252
1068000 0.803238
1069000 0.80324
1070000 0.803237
1071000 0.80323
1072000 0.80323
1073000 0.803213
1074000 0.803216
1075000 0.803206
1076000 0.803184
1077000 0.803169
1078000 0.803167
1079000 0.803156
1080000 0.803151
1081000 0.803163
1082000 0.80318
1083000 0.803203
1084000 0.803228
1085000 0.803261
1086000 0.803281
1087000 0.803292
1088000 0.803313
1089000 0.803322
1090000 0.803328
1091000 0.803349
1092000 0.803365
1093000 0.803385
1094000 0.803409
1095000 0.803425
1096000 0.803444
1097000 0.803443
1098000 0.803439
1099000 0.803432
1100000 0.803423
1101000 0.803417
1102000 0.803411
1103000 0.8034
1104000 0.803388
1105000 0.803407
1106000 0.803428
1107000 0.803443
1108000 0.803453
1109000 0.803446
1110000 0.803431
1111000 0.80343
1112000 0.803438
1113000 0.803428
1114000 0.803412
1115000 0.803417
1116000 0.803417
1117000 0.803417
1118000 0.803427
1119000 0.803437
1120000 0.803445
1121000 0.803452
1122000 0.803461
1123000 0.803464
1124000 0.803469
1125000 0.80347
1126000 0.80347
1127000 0.803471
1128000 0.803472
1129000 0.803479
1130000 0.803491
1131000 0.803488
1132000 0.803479
1133000 0.803476
1134000 0.80348
1135000 0.803491
1136000 0.8035
1137000 0.803504
1138000 0.80352
1139000 0.803522
1140000 0.80354
1141000 0.803549
1142000 0.803563
1143000 0.803571
1144000 0.803574
1145000 0.803577
1146000 0.803591
1147000 0.803601
1148000 0.803604
1149000 0.803615
1150000 0.803626
1151000 0.803639
1152000 0.803658
1153000 0.803665
1154000 0.803682
1155000 0.803699
1156000 0.803717
1157000 0.803741
1158000 0.803752
1159000 0.803753
1160000 0.803763
1161000 0.803752
1162000 0.803741
1163000 0.803737
1164000 0.803735
1165000 0.803729
1166000 0.803718
1167000 0.803704
1168000 0.803699
1169000 0.803705
1170000 0.803699
1171000 0.803703
1172000 0.803713
1173000 0.803722
1174000 0.803735
1175000 0.803747
1176000 0.803746
1177000 0.803754
1178000 0.803776
1179000 0.803781
1180000 0.803781
1181000 0.803785
1182000 0.803783
1183000 0.803794
1184000 0.803799
1185000 0.803797
1186000 0.803804
1187000 0.803812
1188000 0.803832
1189000 0.803841
1190000 0.803834
1191000 0.803837
1192000 0.803832
1193000 0.803832
1194000 0.803837
1195000 0.803844
1196000 0.803855
1197000 0.803855
1198000 0.803854
1199000 0.803854
1200000 0.803865
1201000 0.803878
1202000 0.80389
1203000 0.803892
1204000 0.803898
1205000 0.803913
1206000 0.803929
1207000 0.803931
1208000 0.803954
1209000 0.803977
1210000 0.803999
1211000 0.804013
1212000 0.80402
1213000 0.804011
1214000 0.804009
1215000 0.804007
1216000 0.804006
1217000 0.804001
1218000 0.804006
1219000 0.804007
1220000 0.804006
1221000 0.804002
1222000 0.80399
1223000 0.803983
1224000 0.803977
1225000 0.803963
1226000 0.803965
1227000 0.803981
1228000 0.803985
1229000 0.803984
1230000 0.80398
1231000 0.803976
1232000 0.803968
1233000 0.803974
1234000 0.803984
1235000 0.803992
1236000 0.804005
1237000 0.804019
1238000 0.804033
1239000 0.804039
1240000 0.804053
1241000 0.804063
1242000 0.804071
1243000 0.804065
1244000 0.804061
1245000 0.804061
1246000 0.804074
1247000 0.804089
1248000 0.804105
1249000 0.804117
1250000 0.804128
